-- Found ament_cmake: 1.3.6 (/opt/ros/humble/share/ament_cmake/cmake)
-- Found rclcpp: 16.0.7 (/opt/ros/humble/share/rclcpp/cmake)
-- Found rosidl_generator_c: 3.1.5 (/opt/ros/humble/share/rosidl_generator_c/cmake)
-- Found rosidl_adapter: 3.1.5 (/opt/ros/humble/share/rosidl_adapter/cmake)
-- Found rosidl_generator_cpp: 3.1.5 (/opt/ros/humble/share/rosidl_generator_cpp/cmake)
-- Using all available rosidl_typesupport_c: rosidl_typesupport_fastrtps_c;rosidl_typesupport_introspection_c
-- Using all available rosidl_typesupport_cpp: rosidl_typesupport_fastrtps_cpp;rosidl_typesupport_introspection_cpp
-- Found rmw_implementation_cmake: 6.1.1 (/opt/ros/humble/share/rmw_implementation_cmake/cmake)
-- Found rmw_fastrtps_cpp: 6.2.5 (/opt/ros/humble/share/rmw_fastrtps_cpp/cmake)
-- Using RMW implementation 'rmw_fastrtps_cpp' as default
-- Found ament_lint_auto: 0.12.9 (/opt/ros/humble/share/ament_lint_auto/cmake)
-- Added test 'cppcheck' to perform static code analysis on C / C++ code
-- Configured cppcheck include dirs: $<BUILD_INTERFACE:/home/iclab/motion/src/cpp/include>
-- Configured cppcheck exclude dirs and/or files: 
-- Added test 'lint_cmake' to check CMake code style
-- Added test 'uncrustify' to check C / C++ code style
-- Configured uncrustify additional arguments: 
-- Added test 'xmllint' to check XML markup files
-- Configuring done
-- Generating done
-- Build files have been written to: /home/iclab/motion/build/cpp
[35m[1mConsolidate compiler generated dependencies of target serial[0m
[ 33%] [32mBuilding CXX object CMakeFiles/serial.dir/src/serial.cpp.o[0m
[ 66%] [32mBuilding C object CMakeFiles/serial.dir/cssl/cssl.c.o[0m
[01m[K/home/iclab/motion/src/cpp/src/serial.cpp:1:10:[m[K [01;31m[Kfatal error: [m[Kstd_msgs/msg/Int16.h: No such file or directory
    1 | #include [01;31m[K"std_msgs/msg/Int16.h"[m[K
      |          [01;31m[K^~~~~~~~~~~~~~~~~~~~~~[m[K
compilation terminated.
gmake[2]: *** [CMakeFiles/serial.dir/build.make:76: CMakeFiles/serial.dir/src/serial.cpp.o] Error 1
gmake[2]: *** Waiting for unfinished jobs....
[01m[K/home/iclab/motion/src/cpp/cssl/cssl.c:[m[K In function â€˜[01m[Kcssl_putchar[m[Kâ€™:
[01m[K/home/iclab/motion/src/cpp/cssl/cssl.c:456:13:[m[K [01;35m[Kwarning: [m[Kvariable â€˜[01m[Kr[m[Kâ€™ set but not used [[01;35m[K]8;;https://gcc.gnu.org/onlinedocs/gcc/Warning-Options.html#index-Wunused-but-set-variable-Wunused-but-set-variable]8;;[m[K]
  456 |         int [01;35m[Kr[m[K;
      |             [01;35m[K^[m[K
[01m[K/home/iclab/motion/src/cpp/cssl/cssl.c:[m[K In function â€˜[01m[Kcssl_putstring[m[Kâ€™:
[01m[K/home/iclab/motion/src/cpp/cssl/cssl.c:474:13:[m[K [01;35m[Kwarning: [m[Kvariable â€˜[01m[Kr[m[Kâ€™ set but not used [[01;35m[K]8;;https://gcc.gnu.org/onlinedocs/gcc/Warning-Options.html#index-Wunused-but-set-variable-Wunused-but-set-variable]8;;[m[K]
  474 |         int [01;35m[Kr[m[K;
      |             [01;35m[K^[m[K
[01m[K/home/iclab/motion/src/cpp/cssl/cssl.c:[m[K In function â€˜[01m[Kcssl_putdata[m[Kâ€™:
[01m[K/home/iclab/motion/src/cpp/cssl/cssl.c:494:13:[m[K [01;35m[Kwarning: [m[Kvariable â€˜[01m[Kr[m[Kâ€™ set but not used [[01;35m[K]8;;https://gcc.gnu.org/onlinedocs/gcc/Warning-Options.html#index-Wunused-but-set-variable-Wunused-but-set-variable]8;;[m[K]
  494 |         int [01;35m[Kr[m[K;
      |             [01;35m[K^[m[K
[01m[K/home/iclab/motion/src/cpp/cssl/cssl.c:[m[K In function â€˜[01m[Kcssl_handler[m[Kâ€™:
[01m[K/home/iclab/motion/src/cpp/cssl/cssl.c:548:23:[m[K [01;35m[Kwarning: [m[Kunused parameter â€˜[01m[Ksigno[m[Kâ€™ [[01;35m[K]8;;https://gcc.gnu.org/onlinedocs/gcc/Warning-Options.html#index-Wunused-parameter-Wunused-parameter]8;;[m[K]
  548 | void cssl_handler([01;35m[Kint signo[m[K, siginfo_t *info, void *ignored)
      |                   [01;35m[K~~~~^~~~~[m[K
[01m[K/home/iclab/motion/src/cpp/cssl/cssl.c:548:53:[m[K [01;35m[Kwarning: [m[Kunused parameter â€˜[01m[Kignored[m[Kâ€™ [[01;35m[K]8;;https://gcc.gnu.org/onlinedocs/gcc/Warning-Options.html#index-Wunused-parameter-Wunused-parameter]8;;[m[K]
  548 | void cssl_handler(int signo, siginfo_t *info, [01;35m[Kvoid *ignored[m[K)
      |                                               [01;35m[K~~~~~~^~~~~~~[m[K
gmake[1]: *** [CMakeFiles/Makefile2:137: CMakeFiles/serial.dir/all] Error 2
gmake: *** [Makefile:146: all] Error 2
