[0.198s] Invoking command in '/home/iclab/motion/build/cpp': CMAKE_PREFIX_PATH=/opt/ros/humble /usr/bin/cmake --build /home/iclab/motion/build/cpp -- -j4 -l4
[0.251s] -- Found ament_cmake: 1.3.6 (/opt/ros/humble/share/ament_cmake/cmake)
[0.654s] -- Found rclcpp: 16.0.7 (/opt/ros/humble/share/rclcpp/cmake)
[0.721s] -- Found rosidl_generator_c: 3.1.5 (/opt/ros/humble/share/rosidl_generator_c/cmake)
[0.728s] -- Found rosidl_adapter: 3.1.5 (/opt/ros/humble/share/rosidl_adapter/cmake)
[0.744s] -- Found rosidl_generator_cpp: 3.1.5 (/opt/ros/humble/share/rosidl_generator_cpp/cmake)
[0.774s] -- Using all available rosidl_typesupport_c: rosidl_typesupport_fastrtps_c;rosidl_typesupport_introspection_c
[0.817s] -- Using all available rosidl_typesupport_cpp: rosidl_typesupport_fastrtps_cpp;rosidl_typesupport_introspection_cpp
[0.978s] -- Found rmw_implementation_cmake: 6.1.1 (/opt/ros/humble/share/rmw_implementation_cmake/cmake)
[0.981s] -- Found rmw_fastrtps_cpp: 6.2.5 (/opt/ros/humble/share/rmw_fastrtps_cpp/cmake)
[1.243s] -- Using RMW implementation 'rmw_fastrtps_cpp' as default
[1.673s] -- Found ament_lint_auto: 0.12.9 (/opt/ros/humble/share/ament_lint_auto/cmake)
[1.872s] -- Added test 'cppcheck' to perform static code analysis on C / C++ code
[1.872s] -- Configured cppcheck include dirs: $<BUILD_INTERFACE:/home/iclab/motion/src/cpp/include>
[1.873s] -- Configured cppcheck exclude dirs and/or files: 
[1.875s] -- Added test 'lint_cmake' to check CMake code style
[1.877s] -- Added test 'uncrustify' to check C / C++ code style
[1.878s] -- Configured uncrustify additional arguments: 
[1.879s] -- Added test 'xmllint' to check XML markup files
[1.882s] -- Configuring done
[1.898s] -- Generating done
[1.903s] -- Build files have been written to: /home/iclab/motion/build/cpp
[1.958s] [35m[1mConsolidate compiler generated dependencies of target serial[0m
[1.983s] [ 33%] [32mBuilding CXX object CMakeFiles/serial.dir/src/serial.cpp.o[0m
[1.984s] [ 66%] [32mBuilding C object CMakeFiles/serial.dir/cssl/cssl.c.o[0m
[2.033s] [01m[K/home/iclab/motion/src/cpp/src/serial.cpp:1:10:[m[K [01;31m[Kfatal error: [m[Kstd_msgs/msg/Int16.h: No such file or directory
[2.034s]     1 | #include [01;31m[K"std_msgs/msg/Int16.h"[m[K
[2.034s]       |          [01;31m[K^~~~~~~~~~~~~~~~~~~~~~[m[K
[2.035s] compilation terminated.
[2.037s] gmake[2]: *** [CMakeFiles/serial.dir/build.make:76: CMakeFiles/serial.dir/src/serial.cpp.o] Error 1
[2.038s] gmake[2]: *** Waiting for unfinished jobs....
[2.044s] [01m[K/home/iclab/motion/src/cpp/cssl/cssl.c:[m[K In function â€˜[01m[Kcssl_putchar[m[Kâ€™:
[2.045s] [01m[K/home/iclab/motion/src/cpp/cssl/cssl.c:456:13:[m[K [01;35m[Kwarning: [m[Kvariable â€˜[01m[Kr[m[Kâ€™ set but not used [[01;35m[K]8;;https://gcc.gnu.org/onlinedocs/gcc/Warning-Options.html#index-Wunused-but-set-variable-Wunused-but-set-variable]8;;[m[K]
[2.046s]   456 |         int [01;35m[Kr[m[K;
[2.046s]       |             [01;35m[K^[m[K
[2.047s] [01m[K/home/iclab/motion/src/cpp/cssl/cssl.c:[m[K In function â€˜[01m[Kcssl_putstring[m[Kâ€™:
[2.047s] [01m[K/home/iclab/motion/src/cpp/cssl/cssl.c:474:13:[m[K [01;35m[Kwarning: [m[Kvariable â€˜[01m[Kr[m[Kâ€™ set but not used [[01;35m[K]8;;https://gcc.gnu.org/onlinedocs/gcc/Warning-Options.html#index-Wunused-but-set-variable-Wunused-but-set-variable]8;;[m[K]
[2.048s]   474 |         int [01;35m[Kr[m[K;
[2.048s]       |             [01;35m[K^[m[K
[2.049s] [01m[K/home/iclab/motion/src/cpp/cssl/cssl.c:[m[K In function â€˜[01m[Kcssl_putdata[m[Kâ€™:
[2.049s] [01m[K/home/iclab/motion/src/cpp/cssl/cssl.c:494:13:[m[K [01;35m[Kwarning: [m[Kvariable â€˜[01m[Kr[m[Kâ€™ set but not used [[01;35m[K]8;;https://gcc.gnu.org/onlinedocs/gcc/Warning-Options.html#index-Wunused-but-set-variable-Wunused-but-set-variable]8;;[m[K]
[2.049s]   494 |         int [01;35m[Kr[m[K;
[2.050s]       |             [01;35m[K^[m[K
[2.050s] [01m[K/home/iclab/motion/src/cpp/cssl/cssl.c:[m[K In function â€˜[01m[Kcssl_handler[m[Kâ€™:
[2.051s] [01m[K/home/iclab/motion/src/cpp/cssl/cssl.c:548:23:[m[K [01;35m[Kwarning: [m[Kunused parameter â€˜[01m[Ksigno[m[Kâ€™ [[01;35m[K]8;;https://gcc.gnu.org/onlinedocs/gcc/Warning-Options.html#index-Wunused-parameter-Wunused-parameter]8;;[m[K]
[2.051s]   548 | void cssl_handler([01;35m[Kint signo[m[K, siginfo_t *info, void *ignored)
[2.051s]       |                   [01;35m[K~~~~^~~~~[m[K
[2.052s] [01m[K/home/iclab/motion/src/cpp/cssl/cssl.c:548:53:[m[K [01;35m[Kwarning: [m[Kunused parameter â€˜[01m[Kignored[m[Kâ€™ [[01;35m[K]8;;https://gcc.gnu.org/onlinedocs/gcc/Warning-Options.html#index-Wunused-parameter-Wunused-parameter]8;;[m[K]
[2.052s]   548 | void cssl_handler(int signo, siginfo_t *info, [01;35m[Kvoid *ignored[m[K)
[2.052s]       |                                               [01;35m[K~~~~~~^~~~~~~[m[K
[2.103s] gmake[1]: *** [CMakeFiles/Makefile2:137: CMakeFiles/serial.dir/all] Error 2
[2.103s] gmake: *** [Makefile:146: all] Error 2
[2.108s] Invoked command in '/home/iclab/motion/build/cpp' returned '2': CMAKE_PREFIX_PATH=/opt/ros/humble /usr/bin/cmake --build /home/iclab/motion/build/cpp -- -j4 -l4
