[0.092s] Invoking command in '/home/iclab/motion/build/tku_libs': CMAKE_PREFIX_PATH=${CMAKE_PREFIX_PATH}:/opt/ros/humble /usr/bin/cmake --build /home/iclab/motion/build/tku_libs -- -j8 -l8
[0.106s] -- Found ament_cmake: 1.3.5 (/opt/ros/humble/share/ament_cmake/cmake)
[0.220s] -- Found rclcpp: 16.0.6 (/opt/ros/humble/share/rclcpp/cmake)
[0.247s] -- Found rosidl_generator_c: 3.1.5 (/opt/ros/humble/share/rosidl_generator_c/cmake)
[0.249s] -- Found rosidl_adapter: 3.1.5 (/opt/ros/humble/share/rosidl_adapter/cmake)
[0.253s] -- Found rosidl_generator_cpp: 3.1.5 (/opt/ros/humble/share/rosidl_generator_cpp/cmake)
[0.261s] -- Using all available rosidl_typesupport_c: rosidl_typesupport_fastrtps_c;rosidl_typesupport_introspection_c
[0.271s] -- Using all available rosidl_typesupport_cpp: rosidl_typesupport_fastrtps_cpp;rosidl_typesupport_introspection_cpp
[0.310s] -- Found rmw_implementation_cmake: 6.1.1 (/opt/ros/humble/share/rmw_implementation_cmake/cmake)
[0.310s] -- Found rmw_fastrtps_cpp: 6.2.4 (/opt/ros/humble/share/rmw_fastrtps_cpp/cmake)
[0.395s] -- Using RMW implementation 'rmw_fastrtps_cpp' as default
[0.503s] -- Found ament_lint_auto: 0.12.8 (/opt/ros/humble/share/ament_lint_auto/cmake)
[0.552s] -- Added test 'cppcheck' to perform static code analysis on C / C++ code
[0.552s] -- Configured cppcheck include dirs: /home/iclab/motion/src/tku_libs/include;$<BUILD_INTERFACE:/home/iclab/motion/src/tku_libs/include>
[0.552s] -- Configured cppcheck exclude dirs and/or files: 
[0.552s] -- Added test 'lint_cmake' to check CMake code style
[0.553s] -- Added test 'uncrustify' to check C / C++ code style
[0.553s] -- Configured uncrustify additional arguments: 
[0.553s] -- Added test 'xmllint' to check XML markup files
[0.554s] -- Configuring done
[0.559s] -- Generating done
[0.560s] -- Build files have been written to: /home/iclab/motion/build/tku_libs
[0.577s] [35m[1mConsolidate compiler generated dependencies of target tku_libs[0m
[0.588s] [ 50%] [32mBuilding CXX object CMakeFiles/tku_libs.dir/src/TKU_tool.cpp.o[0m
[0.593s] [01m[K/home/iclab/motion/src/tku_libs/src/TKU_tool.cpp:1:10:[m[K [01;31m[Kfatal error: [m[Ktku_libs/TKU_tool.h: No such file or directory
[0.593s]     1 | #include [01;31m[K"tku_libs/TKU_tool.h"[m[K
[0.593s]       |          [01;31m[K^~~~~~~~~~~~~~~~~~~~~[m[K
[0.593s] compilation terminated.
[0.593s] gmake[2]: *** [CMakeFiles/tku_libs.dir/build.make:76: CMakeFiles/tku_libs.dir/src/TKU_tool.cpp.o] Error 1
[0.593s] gmake[1]: *** [CMakeFiles/Makefile2:137: CMakeFiles/tku_libs.dir/all] Error 2
[0.593s] gmake: *** [Makefile:146: all] Error 2
[0.595s] Invoked command in '/home/iclab/motion/build/tku_libs' returned '2': CMAKE_PREFIX_PATH=${CMAKE_PREFIX_PATH}:/opt/ros/humble /usr/bin/cmake --build /home/iclab/motion/build/tku_libs -- -j8 -l8
