[0.700s] Invoking command in '/home/iclab/motion/build/tku_msgs': CMAKE_PREFIX_PATH=${CMAKE_PREFIX_PATH}:/home/iclab/motion/install/aaa:/opt/ros/humble /usr/bin/cmake --build /home/iclab/motion/build/tku_msgs -- -j4 -l4
[0.899s] [  0%] Built target tku_msgs__cpp
[1.028s] [  0%] Built target ament_cmake_python_copy_tku_msgs
[1.116s] [ 12%] Built target tku_msgs__rosidl_typesupport_fastrtps_cpp
[1.221s] [ 25%] Built target tku_msgs__rosidl_typesupport_introspection_cpp
[1.315s] Fatal Python error: init_import_site: Failed to import the site module
[1.317s] Python runtime state: initialized
[1.318s] Traceback (most recent call last):
[1.318s]   File "/usr/lib/python3.10/site.py", line 636, in <module>
[1.319s]     main()
[1.319s]   File "/usr/lib/python3.10/site.py", line 623, in main
[1.320s]     known_paths = addsitepackages(known_paths)
[1.320s]   File "/usr/lib/python3.10/site.py", line 406, in addsitepackages
[1.323s]     addsitedir(sitedir, known_paths)
[1.324s]   File "/usr/lib/python3.10/site.py", line 232, in addsitedir
[1.325s]     addpackage(sitedir, name, known_paths)
[1.327s]   File "/usr/lib/python3.10/site.py", line 192, in addpackage
[1.327s]     exec(line)
[1.327s]   File "<string>", line 1, in <module>
[1.327s]   File "<frozen importlib._bootstrap>", line 577, in module_from_spec
[1.327s]   File "<frozen importlib._bootstrap>", line 556, in _init_module_attrs
[1.328s]   File "<frozen importlib._bootstrap>", line 397, in cached
[1.328s]   File "<frozen importlib._bootstrap_external>", line 513, in _get_cached
[1.328s]   File "<frozen importlib._bootstrap_external>", line 406, in cache_from_source
[1.329s]   File "<frozen importlib._bootstrap_external>", line 134, in _path_split
[1.329s]   File "<frozen importlib._bootstrap_external>", line 134, in <genexpr>
[1.329s] KeyboardInterrupt
[1.329s] gmake[2]: *** [CMakeFiles/ament_cmake_python_build_tku_msgs_egg.dir/build.make:70: CMakeFiles/ament_cmake_python_build_tku_msgs_egg] Interrupt
[1.330s] gmake[1]: *** [CMakeFiles/Makefile2:447: CMakeFiles/ament_cmake_python_build_tku_msgs_egg.dir/all] Interrupt
[1.331s] gmake: *** [Makefile:146: all] Interrupt
