[0.040s] Invoking command in '/home/iclab/motion/build/motionpackage': AMENT_PREFIX_PATH=/home/iclab/motion/install/tku_msgs:/home/iclab/motion/install/tku_libs:${AMENT_PREFIX_PATH} CMAKE_PREFIX_PATH=/home/iclab/motion/install/tku_msgs:/home/iclab/motion/install/tku_libs:/opt/ros/humble LD_LIBRARY_PATH=/home/iclab/motion/install/tku_msgs/lib:${LD_LIBRARY_PATH} PYTHONPATH=/home/iclab/motion/install/tku_msgs/local/lib/python3.10/dist-packages:${PYTHONPATH} /usr/bin/cmake --build /home/iclab/motion/build/motionpackage -- -j8 -l8
[0.063s] [35m[1mConsolidate compiler generated dependencies of target motionpackage[0m
[0.070s] [ 50%] [32mBuilding CXX object CMakeFiles/motionpackage.dir/src/motionpackage.cpp.o[0m
[0.081s] In file included from [01m[K/home/iclab/motion/src/motionpackage/src/motionpackage.cpp:1[m[K:
[0.081s] [01m[K/home/iclab/motion/src/motionpackage/include/motionpackage/motionpackage.h:9:10:[m[K [01;31m[Kfatal error: [m[Krclcpp/rclcpp.hpp: No such file or directory
[0.081s]     9 | #include [01;31m[K"rclcpp/rclcpp.hpp"[m[K
[0.081s]       |          [01;31m[K^~~~~~~~~~~~~~~~~~~[m[K
[0.081s] compilation terminated.
[0.081s] gmake[2]: *** [CMakeFiles/motionpackage.dir/build.make:76: CMakeFiles/motionpackage.dir/src/motionpackage.cpp.o] Error 1
[0.081s] gmake[1]: *** [CMakeFiles/Makefile2:137: CMakeFiles/motionpackage.dir/all] Error 2
[0.081s] gmake: *** [Makefile:146: all] Error 2
[0.084s] Invoked command in '/home/iclab/motion/build/motionpackage' returned '2': AMENT_PREFIX_PATH=/home/iclab/motion/install/tku_msgs:/home/iclab/motion/install/tku_libs:${AMENT_PREFIX_PATH} CMAKE_PREFIX_PATH=/home/iclab/motion/install/tku_msgs:/home/iclab/motion/install/tku_libs:/opt/ros/humble LD_LIBRARY_PATH=/home/iclab/motion/install/tku_msgs/lib:${LD_LIBRARY_PATH} PYTHONPATH=/home/iclab/motion/install/tku_msgs/local/lib/python3.10/dist-packages:${PYTHONPATH} /usr/bin/cmake --build /home/iclab/motion/build/motionpackage -- -j8 -l8
