[0.047s] Invoking command in '/home/iclab/motion/build/motionpackage': CMAKE_PREFIX_PATH=/home/iclab/motion/install/tku_msgs:/home/iclab/motion/install/tku_libs:/home/iclab/motion/install/tuk_libs:/home/iclab/motion/install/motionpackage:/opt/ros/humble /usr/bin/cmake --build /home/iclab/motion/build/motionpackage -- -j8 -l8
[0.075s] [35m[1mConsolidate compiler generated dependencies of target motionpackage[0m
[0.091s] [ 50%] [32mBuilding CXX object CMakeFiles/motionpackage.dir/src/motionpackage.cpp.o[0m
[0.595s] [01m[K/home/iclab/motion/src/motionpackage/src/motionpackage.cpp:2:10:[m[K [01;31m[Kfatal error: [m[Kros/callback_queue.h: No such file or directory
[0.595s]     2 | #include [01;31m[K<ros/callback_queue.h>[m[K
[0.595s]       |          [01;31m[K^~~~~~~~~~~~~~~~~~~~~~[m[K
[0.595s] compilation terminated.
[0.606s] gmake[2]: *** [CMakeFiles/motionpackage.dir/build.make:76: CMakeFiles/motionpackage.dir/src/motionpackage.cpp.o] Error 1
[0.606s] gmake[1]: *** [CMakeFiles/Makefile2:137: CMakeFiles/motionpackage.dir/all] Error 2
[0.606s] gmake: *** [Makefile:146: all] Error 2
[0.608s] Invoked command in '/home/iclab/motion/build/motionpackage' returned '2': CMAKE_PREFIX_PATH=/home/iclab/motion/install/tku_msgs:/home/iclab/motion/install/tku_libs:/home/iclab/motion/install/tuk_libs:/home/iclab/motion/install/motionpackage:/opt/ros/humble /usr/bin/cmake --build /home/iclab/motion/build/motionpackage -- -j8 -l8
