[0.251s] Invoking command in '/home/iclab/motion/build/cpp': CMAKE_PREFIX_PATH=${CMAKE_PREFIX_PATH}:/home/iclab/motion/install/aaa:/opt/ros/humble /usr/bin/cmake --build /home/iclab/motion/build/cpp -- -j4 -l4
[0.359s] [ 33%] [32mBuilding CXX object CMakeFiles/serial.dir/src/serial.cpp.o[0m
[0.390s] In file included from [01m[K/home/iclab/motion/src/cpp/src/serial.cpp:4[m[K:
[0.390s] [01m[K/home/iclab/motion/src/cpp/src/../cssl/cssl.c:4:[m[K [01;35m[Kwarning: [m[K"_GNU_SOURCE" redefined
[0.390s]     4 | #define _GNU_SOURCE
[0.390s]       | 
[0.391s] [01m[K<command-line>:[m[K [01;36m[Knote: [m[Kthis is the location of the previous definition
[0.411s] [01m[K/home/iclab/motion/src/cpp/src/serial.cpp:14:10:[m[K [01;31m[Kfatal error: [m[Krclcpp/rclcpp.hpp: No such file or directory
[0.414s]    14 | #include [01;31m[K"rclcpp/rclcpp.hpp"[m[K
[0.415s]       |          [01;31m[K^~~~~~~~~~~~~~~~~~~[m[K
[0.421s] compilation terminated.
[0.421s] gmake[2]: *** [CMakeFiles/serial.dir/build.make:76: CMakeFiles/serial.dir/src/serial.cpp.o] Error 1
[0.421s] gmake[1]: *** [CMakeFiles/Makefile2:137: CMakeFiles/serial.dir/all] Error 2
[0.422s] gmake: *** [Makefile:146: all] Error 2
[0.422s] Invoked command in '/home/iclab/motion/build/cpp' returned '2': CMAKE_PREFIX_PATH=${CMAKE_PREFIX_PATH}:/home/iclab/motion/install/aaa:/opt/ros/humble /usr/bin/cmake --build /home/iclab/motion/build/cpp -- -j4 -l4
